# JRE version: OpenJDK Runtime Environment (11.0.10) (build 11.0.10+0-b96-7249189)
# Java VM: OpenJDK 64-Bit Server VM (11.0.10+0-b96-7249189, mixed mode, tiered, compressed oops, g1 gc, windows-amd64)
Heap:
 garbage-first heap   total 345088K, used 211400K [0x0000000080000000, 0x0000000100000000)
  region size 1024K, 84 young (86016K), 8 survivors (8192K)
 Metaspace       used 143209K, capacity 148081K, committed 151328K, reserved 1181696K
  class space    used 17125K, capacity 18865K, committed 19796K, reserved 1048576K
GC Heap History (20 events):
Event: 8956.682 GC heap before
{Heap before GC invocations=46 (full 2):
 garbage-first heap   total 345088K, used 316227K [0x0000000080000000, 0x0000000100000000)
  region size 1024K, 179 young (183296K), 8 survivors (8192K)
 Metaspace       used 142523K, capacity 147360K, committed 151328K, reserved 1181696K
  class space    used 17094K, capacity 18795K, committed 19796K, reserved 1048576K
}
Event: 8956.687 GC heap after
{Heap after GC invocations=47 (full 2):
 garbage-first heap   total 345088K, used 109373K [0x0000000080000000, 0x0000000100000000)
  region size 1024K, 11 young (11264K), 11 survivors (11264K)
 Metaspace       used 142523K, capacity 147360K, committed 151328K, reserved 1181696K
  class space    used 17094K, capacity 18795K, committed 19796K, reserved 1048576K
}
Event: 9503.553 GC heap before
{Heap before GC invocations=47 (full 2):
 garbage-first heap   total 345088K, used 326461K [0x0000000080000000, 0x0000000100000000)
  region size 1024K, 179 young (183296K), 11 survivors (11264K)
 Metaspace       used 142568K, capacity 147437K, committed 151328K, reserved 1181696K
  class space    used 17094K, capacity 18795K, committed 19796K, reserved 1048576K
}
Event: 9503.592 GC heap after
{Heap after GC invocations=48 (full 2):
 garbage-first heap   total 345088K, used 102207K [0x0000000080000000, 0x0000000100000000)
  region size 1024K, 3 young (3072K), 3 survivors (3072K)
 Metaspace       used 142568K, capacity 147437K, committed 151328K, reserved 1181696K
  class space    used 17094K, capacity 18795K, committed 19796K, reserved 1048576K
}
Event: 9517.090 GC heap before
{Heap before GC invocations=48 (full 2):
 garbage-first heap   total 345088K, used 320319K [0x0000000080000000, 0x0000000100000000)
  region size 1024K, 183 young (187392K), 3 survivors (3072K)
 Metaspace       used 142833K, capacity 147657K, committed 151328K, reserved 1181696K
  class space    used 17123K, capacity 18864K, committed 19796K, reserved 1048576K
}
Event: 9517.109 GC heap after
{Heap after GC invocations=49 (full 2):
 garbage-first heap   total 345088K, used 108183K [0x0000000080000000, 0x0000000100000000)
  region size 1024K, 9 young (9216K), 9 survivors (9216K)
 Metaspace       used 142833K, capacity 147657K, committed 151328K, reserved 1181696K
  class space    used 17123K, capacity 18864K, committed 19796K, reserved 1048576K
}
Event: 9685.339 GC heap before
{Heap before GC invocations=49 (full 2):
 garbage-first heap   total 345088K, used 302743K [0x0000000080000000, 0x0000000100000000)
  region size 1024K, 181 young (185344K), 9 survivors (9216K)
 Metaspace       used 142965K, capacity 147855K, committed 151328K, reserved 1181696K
  class space    used 17124K, capacity 18864K, committed 19796K, reserved 1048576K
}
Event: 9685.340 GC heap after
{Heap after GC invocations=50 (full 2):
 garbage-first heap   total 345088K, used 104140K [0x0000000080000000, 0x0000000100000000)
  region size 1024K, 3 young (3072K), 3 survivors (3072K)
 Metaspace       used 142965K, capacity 147855K, committed 151328K, reserved 1181696K
  class space    used 17124K, capacity 18864K, committed 19796K, reserved 1048576K
}
Event: 9823.781 GC heap before
{Heap before GC invocations=50 (full 2):
 garbage-first heap   total 345088K, used 303820K [0x0000000080000000, 0x0000000100000000)
  region size 1024K, 182 young (186368K), 3 survivors (3072K)
 Metaspace       used 143048K, capacity 147938K, committed 151328K, reserved 1181696K
  class space    used 17124K, capacity 18864K, committed 19796K, reserved 1048576K
}
Event: 9823.786 GC heap after
{Heap after GC invocations=51 (full 2):
 garbage-first heap   total 345088K, used 109596K [0x0000000080000000, 0x0000000100000000)
  region size 1024K, 11 young (11264K), 11 survivors (11264K)
 Metaspace       used 143048K, capacity 147938K, committed 151328K, reserved 1181696K
  class space    used 17124K, capacity 18864K, committed 19796K, reserved 1048576K
}
Event: 9977.208 GC heap before
{Heap before GC invocations=51 (full 2):
 garbage-first heap   total 345088K, used 326684K [0x0000000080000000, 0x0000000100000000)
  region size 1024K, 179 young (183296K), 11 survivors (11264K)
 Metaspace       used 143127K, capacity 148005K, committed 151328K, reserved 1181696K
  class space    used 17124K, capacity 18864K, committed 19796K, reserved 1048576K
}
Event: 9977.211 GC heap after
{Heap after GC invocations=52 (full 2):
 garbage-first heap   total 345088K, used 102798K [0x0000000080000000, 0x0000000100000000)
  region size 1024K, 4 young (4096K), 4 survivors (4096K)
 Metaspace       used 143127K, capacity 148005K, committed 151328K, reserved 1181696K
  class space    used 17124K, capacity 18864K, committed 19796K, reserved 1048576K
}
Event: 9978.978 GC heap before
{Heap before GC invocations=52 (full 2):
 garbage-first heap   total 345088K, used 305550K [0x0000000080000000, 0x0000000100000000)
  region size 1024K, 182 young (186368K), 4 survivors (4096K)
 Metaspace       used 143140K, capacity 148005K, committed 151328K, reserved 1181696K
  class space    used 17124K, capacity 18864K, committed 19796K, reserved 1048576K
}
Event: 9978.994 GC heap after
{Heap after GC invocations=53 (full 2):
 garbage-first heap   total 345088K, used 121173K [0x0000000080000000, 0x0000000100000000)
  region size 1024K, 20 young (20480K), 20 survivors (20480K)
 Metaspace       used 143140K, capacity 148005K, committed 151328K, reserved 1181696K
  class space    used 17124K, capacity 18864K, committed 19796K, reserved 1048576K
}
Event: 10032.223 GC heap before
{Heap before GC invocations=53 (full 2):
 garbage-first heap   total 345088K, used 210261K [0x0000000080000000, 0x0000000100000000)
  region size 1024K, 93 young (95232K), 20 survivors (20480K)
 Metaspace       used 143145K, capacity 148005K, committed 151328K, reserved 1181696K
  class space    used 17124K, capacity 18864K, committed 19796K, reserved 1048576K
}
Event: 10032.228 GC heap after
{Heap after GC invocations=54 (full 2):
 garbage-first heap   total 345088K, used 104040K [0x0000000080000000, 0x0000000100000000)
  region size 1024K, 3 young (3072K), 3 survivors (3072K)
 Metaspace       used 143145K, capacity 148005K, committed 151328K, reserved 1181696K
  class space    used 17124K, capacity 18864K, committed 19796K, reserved 1048576K
}
Event: 10033.532 GC heap before
{Heap before GC invocations=54 (full 2):
 garbage-first heap   total 345088K, used 248424K [0x0000000080000000, 0x0000000100000000)
  region size 1024K, 126 young (129024K), 3 survivors (3072K)
 Metaspace       used 143155K, capacity 148011K, committed 151328K, reserved 1181696K
  class space    used 17125K, capacity 18865K, committed 19796K, reserved 1048576K
}
Event: 10033.538 GC heap after
{Heap after GC invocations=55 (full 2):
 garbage-first heap   total 345088K, used 114339K [0x0000000080000000, 0x0000000100000000)
  region size 1024K, 11 young (11264K), 11 survivors (11264K)
 Metaspace       used 143155K, capacity 148011K, committed 151328K, reserved 1181696K
  class space    used 17125K, capacity 18865K, committed 19796K, reserved 1048576K
}
Event: 10034.008 GC heap before
{Heap before GC invocations=55 (full 2):
 garbage-first heap   total 345088K, used 212643K [0x0000000080000000, 0x0000000100000000)
  region size 1024K, 106 young (108544K), 11 survivors (11264K)
 Metaspace       used 143169K, capacity 148011K, committed 151328K, reserved 1181696K
  class space    used 17125K, capacity 18865K, committed 19796K, reserved 1048576K
}
Event: 10034.015 GC heap after
{Heap after GC invocations=56 (full 2):
 garbage-first heap   total 345088K, used 118216K [0x0000000080000000, 0x0000000100000000)
  region size 1024K, 8 young (8192K), 8 survivors (8192K)
 Metaspace       used 143169K, capacity 148011K, committed 151328K, reserved 1181696K
  class space    used 17125K, capacity 18865K, committed 19796K, reserved 1048576K
}

